npm verbose cli /home/nikos/.local/share/mise/installs/node/25.2.1/bin/node /home/nikos/.local/share/mise/installs/node/25.2.1/bin/npm
npm info using npm@11.9.0
npm info using node@v25.2.1
npm verbose title npm install
npm verbose argv "install" "--no-audit" "--no-fund" "--loglevel" "verbose"
npm verbose logfile logs-max:10 dir:/home/nikos/.npm/_logs/2026-02-20T23_07_22_981Z-
npm verbose logfile /home/nikos/.npm/_logs/2026-02-20T23_07_22_981Z-debug-0.log
npm http fetch GET 200 https://registry.npmjs.org/framer-motion 178ms (cache revalidated)
npm http fetch GET 200 https://registry.npmjs.org/@emotion%2fis-prop-valid 65ms (cache revalidated)
npm http fetch GET 200 https://registry.npmjs.org/react 48ms (cache revalidated)
npm http fetch GET 200 https://registry.npmjs.org/react-dom 58ms (cache revalidated)
npm http fetch GET 200 https://registry.npmjs.org/lucide-react 71ms (cache revalidated)
npm http fetch GET 200 https://registry.npmjs.org/zustand 122ms (cache revalidated)
npm http fetch GET 200 https://registry.npmjs.org/@types%2freact 58ms (cache revalidated)
npm http fetch GET 200 https://registry.npmjs.org/immer 43ms (cache revalidated)
npm http fetch GET 200 https://registry.npmjs.org/@types%2freact-dom 54ms (cache revalidated)
npm http fetch GET 200 https://registry.npmjs.org/@vitejs%2fplugin-react 53ms (cache revalidated)
npm http fetch GET 200 https://registry.npmjs.org/vite 71ms (cache revalidated)
npm http fetch GET 200 https://registry.npmjs.org/@types%2fnode 63ms (cache revalidated)
npm http fetch GET 200 https://registry.npmjs.org/less 43ms (cache revalidated)
npm http fetch GET 200 https://registry.npmjs.org/lightningcss 41ms (cache revalidated)
npm http fetch GET 200 https://registry.npmjs.org/sass 43ms (cache revalidated)
npm http fetch GET 200 https://registry.npmjs.org/sass-embedded 44ms (cache revalidated)
npm http fetch GET 200 https://registry.npmjs.org/stylus 63ms (cache revalidated)
npm http fetch GET 200 https://registry.npmjs.org/sugarss 42ms (cache revalidated)
npm http fetch GET 200 https://registry.npmjs.org/postcss 35ms (cache revalidated)
npm http fetch GET 200 https://registry.npmjs.org/terser 44ms (cache revalidated)
npm http fetch GET 200 https://registry.npmjs.org/autoprefixer 45ms (cache revalidated)
npm http fetch GET 200 https://registry.npmjs.org/tailwindcss 51ms (cache revalidated)
npm http fetch GET 200 https://registry.npmjs.org/typescript 59ms (cache revalidated)
npm http fetch GET 200 https://registry.npmjs.org/csstype 55ms (cache revalidated)
npm http fetch GET 200 https://registry.npmjs.org/postcss-value-parser 48ms (cache revalidated)
npm http fetch GET 200 https://registry.npmjs.org/react-refresh 128ms (cache revalidated)
npm http fetch GET 200 https://registry.npmjs.org/nanoid 47ms (cache revalidated)
npm http fetch GET 200 https://registry.npmjs.org/esbuild 154ms (cache revalidated)
npm http fetch GET 200 https://registry.npmjs.org/fraction.js 159ms (cache revalidated)
npm http fetch GET 200 https://registry.npmjs.org/@babel%2fcore 161ms (cache revalidated)
npm http fetch GET 200 https://registry.npmjs.org/rollup 168ms (cache revalidated)
npm http fetch GET 200 https://registry.npmjs.org/browserslist 187ms (cache revalidated)
npm http fetch GET 200 https://registry.npmjs.org/@types%2fprop-types 190ms (cache revalidated)
npm http fetch GET 200 https://registry.npmjs.org/@types%2fbabel__core 191ms (cache revalidated)
npm http fetch GET 200 https://registry.npmjs.org/@babel%2fplugin-transform-react-jsx-source 191ms (cache revalidated)
npm http fetch GET 200 https://registry.npmjs.org/@rolldown%2fpluginutils 193ms (cache revalidated)
npm http fetch GET 200 https://registry.npmjs.org/fsevents 195ms (cache revalidated)
npm http fetch GET 200 https://registry.npmjs.org/picocolors 52ms (cache revalidated)
npm http fetch GET 200 https://registry.npmjs.org/source-map-js 51ms (cache revalidated)
npm http fetch GET 200 https://registry.npmjs.org/tslib 65ms (cache revalidated)
npm http fetch GET 200 https://registry.npmjs.org/motion-utils 74ms (cache revalidated)
npm http fetch GET 200 https://registry.npmjs.org/arg 47ms (cache revalidated)
npm http fetch GET 200 https://registry.npmjs.org/loose-envify 50ms (cache revalidated)
npm http fetch GET 200 https://registry.npmjs.org/motion-dom 81ms (cache revalidated)
npm http fetch GET 200 https://registry.npmjs.org/scheduler 59ms (cache revalidated)
npm http fetch GET 200 https://registry.npmjs.org/is-glob 69ms (cache revalidated)
npm http fetch GET 200 https://registry.npmjs.org/loose-envify 81ms (cache revalidated)
npm http fetch GET 200 https://registry.npmjs.org/resolve 70ms (cache revalidated)
npm http fetch GET 200 https://registry.npmjs.org/jiti 75ms (cache revalidated)
npm http fetch GET 200 https://registry.npmjs.org/sucrase 66ms (cache revalidated)
npm http fetch GET 200 https://registry.npmjs.org/chokidar 51ms (cache revalidated)
npm http fetch GET 200 https://registry.npmjs.org/dlv 84ms (cache revalidated)
npm http fetch GET 200 https://registry.npmjs.org/fast-glob 42ms (cache revalidated)
npm http fetch GET 200 https://registry.npmjs.org/didyoumean 41ms (cache revalidated)
npm http fetch GET 200 https://registry.npmjs.org/lilconfig 44ms (cache revalidated)
npm http fetch GET 200 https://registry.npmjs.org/micromatch 41ms (cache revalidated)
npm http fetch GET 200 https://registry.npmjs.org/glob-parent 58ms (cache revalidated)
npm http fetch GET 200 https://registry.npmjs.org/normalize-path 57ms (cache revalidated)
npm http fetch GET 200 https://registry.npmjs.org/object-hash 59ms (cache revalidated)
npm http fetch GET 200 https://registry.npmjs.org/postcss-nested 54ms (cache revalidated)
npm http fetch GET 200 https://registry.npmjs.org/postcss-load-config 50ms (cache revalidated)
npm http fetch GET 200 https://registry.npmjs.org/postcss-selector-parser 47ms (cache revalidated)
npm http fetch GET 200 https://registry.npmjs.org/use-sync-external-store 51ms (cache revalidated)
npm http fetch GET 200 https://registry.npmjs.org/postcss-import 71ms (cache revalidated)
npm http fetch GET 200 https://registry.npmjs.org/caniuse-lite 383ms (cache revalidated)
npm http fetch GET 200 https://registry.npmjs.org/postcss-js 127ms (cache revalidated)
npm http fetch GET 200 https://registry.npmjs.org/@alloc%2fquick-lru 140ms (cache revalidated)
npm http fetch GET 200 https://registry.npmjs.org/picocolors 421ms (cache revalidated)
npm http fetch GET 200 https://registry.npmjs.org/@babel%2fplugin-transform-react-jsx-self 438ms (cache revalidated)
npm http fetch GET 200 https://registry.npmjs.org/semver 41ms (cache revalidated)
npm http fetch GET 200 https://registry.npmjs.org/debug 45ms (cache revalidated)
npm http fetch GET 200 https://registry.npmjs.org/@babel%2ftypes 49ms (cache revalidated)
npm http fetch GET 200 https://registry.npmjs.org/convert-source-map 52ms (cache revalidated)
npm http fetch GET 200 https://registry.npmjs.org/gensync 55ms (cache revalidated)
npm http fetch GET 200 https://registry.npmjs.org/@babel%2fcode-frame 57ms (cache revalidated)
npm http fetch GET 200 https://registry.npmjs.org/@babel%2ftemplate 59ms (cache revalidated)
npm http fetch GET 200 https://registry.npmjs.org/@babel%2fhelper-compilation-targets 60ms (cache revalidated)
npm http fetch GET 200 https://registry.npmjs.org/@babel%2ftraverse 64ms (cache revalidated)
npm http fetch GET 200 https://registry.npmjs.org/@babel%2fhelper-module-transforms 65ms (cache revalidated)
npm http fetch GET 200 https://registry.npmjs.org/@jridgewell%2fremapping 67ms (cache revalidated)
npm http fetch GET 200 https://registry.npmjs.org/json5 70ms (cache revalidated)
npm http fetch GET 200 https://registry.npmjs.org/@babel%2fhelpers 70ms (cache revalidated)
npm http fetch GET 200 https://registry.npmjs.org/@babel%2fparser 72ms (cache revalidated)
npm http fetch GET 200 https://registry.npmjs.org/@babel%2fgenerator 76ms (cache revalidated)
npm http fetch GET 200 https://registry.npmjs.org/@babel%2fhelper-plugin-utils 51ms (cache revalidated)
npm http fetch GET 200 https://registry.npmjs.org/@types%2fbabel__traverse 53ms (cache revalidated)
npm http fetch GET 200 https://registry.npmjs.org/@types%2fbabel__template 59ms (cache revalidated)
npm http fetch GET 200 https://registry.npmjs.org/@types%2fbabel__generator 54ms (cache revalidated)
npm http fetch GET 200 https://registry.npmjs.org/@babel%2fhelper-plugin-utils 84ms (cache revalidated)
npm http fetch GET 200 https://registry.npmjs.org/@babel%2fparser 162ms (cache revalidated)
npm http fetch GET 200 https://registry.npmjs.org/@babel%2fhelper-validator-identifier 51ms (cache revalidated)
npm http fetch GET 200 https://registry.npmjs.org/lru-cache 52ms (cache revalidated)
npm http fetch GET 200 https://registry.npmjs.org/js-tokens 55ms (cache revalidated)
npm http fetch GET 200 https://registry.npmjs.org/jsesc 56ms (cache revalidated)
npm http fetch GET 200 https://registry.npmjs.org/@babel%2fhelper-string-parser 55ms (cache revalidated)
npm http fetch GET 200 https://registry.npmjs.org/@babel%2fhelper-validator-option 57ms (cache revalidated)
npm http fetch GET 200 https://registry.npmjs.org/@jridgewell%2ftrace-mapping 61ms (cache revalidated)
npm http fetch GET 200 https://registry.npmjs.org/@babel%2fhelper-validator-identifier 61ms (cache revalidated)
npm http fetch GET 200 https://registry.npmjs.org/@babel%2fhelper-module-imports 62ms (cache revalidated)
npm http fetch GET 200 https://registry.npmjs.org/@babel%2fcompat-data 64ms (cache revalidated)
npm http fetch GET 200 https://registry.npmjs.org/@jridgewell%2ftrace-mapping 63ms (cache revalidated)
npm http fetch GET 200 https://registry.npmjs.org/@jridgewell%2fgen-mapping 64ms (cache revalidated)
npm http fetch GET 200 https://registry.npmjs.org/@jridgewell%2fgen-mapping 68ms (cache revalidated)
npm http fetch GET 200 https://registry.npmjs.org/@babel%2fhelper-validator-identifier 69ms (cache revalidated)
npm http fetch GET 200 https://registry.npmjs.org/@babel%2fhelper-globals 93ms (cache revalidated)
npm http fetch GET 200 https://registry.npmjs.org/ms 46ms (cache revalidated)
npm http fetch GET 200 https://registry.npmjs.org/@jridgewell%2fsourcemap-codec 56ms (cache revalidated)
npm http fetch GET 200 https://registry.npmjs.org/@jridgewell%2fresolve-uri 57ms (cache revalidated)
npm http fetch GET 200 https://registry.npmjs.org/@jridgewell%2fsourcemap-codec 59ms (cache revalidated)
npm http cache https://registry.npmjs.org/caniuse-lite 5ms (cache hit)
npm http fetch GET 200 https://registry.npmjs.org/baseline-browser-mapping 40ms (cache revalidated)
npm http fetch GET 200 https://registry.npmjs.org/yallist 44ms (cache revalidated)
npm http fetch GET 200 https://registry.npmjs.org/update-browserslist-db 46ms (cache revalidated)
npm http fetch GET 200 https://registry.npmjs.org/node-releases 46ms (cache revalidated)
npm http fetch GET 200 https://registry.npmjs.org/electron-to-chromium 52ms (cache revalidated)
npm http fetch GET 200 https://registry.npmjs.org/escalade 44ms (cache revalidated)
npm http fetch GET 200 https://registry.npmjs.org/tsx 36ms (cache revalidated)
npm http fetch GET 200 https://registry.npmjs.org/yaml 62ms (cache revalidated)
npm http fetch GET 200 https://registry.npmjs.org/is-extglob 43ms (cache revalidated)
npm http fetch GET 200 https://registry.npmjs.org/merge2 44ms (cache revalidated)
npm http fetch GET 200 https://registry.npmjs.org/camelcase-css 44ms (cache revalidated)
npm http fetch GET 200 https://registry.npmjs.org/util-deprecate 44ms (cache revalidated)
npm http fetch GET 200 https://registry.npmjs.org/braces 47ms (cache revalidated)
npm http fetch GET 200 https://registry.npmjs.org/is-binary-path 50ms (cache revalidated)
npm http fetch GET 200 https://registry.npmjs.org/readdirp 51ms (cache revalidated)
npm http fetch GET 200 https://registry.npmjs.org/path-parse 50ms (cache revalidated)
npm http fetch GET 200 https://registry.npmjs.org/picomatch 52ms (cache revalidated)
npm http fetch GET 200 https://registry.npmjs.org/read-cache 53ms (cache revalidated)
npm http fetch GET 200 https://registry.npmjs.org/cssesc 53ms (cache revalidated)
npm http fetch GET 200 https://registry.npmjs.org/anymatch 56ms (cache revalidated)
npm http fetch GET 200 https://registry.npmjs.org/braces 58ms (cache revalidated)
npm http fetch GET 200 https://registry.npmjs.org/@nodelib%2ffs.stat 64ms (cache revalidated)
npm http fetch GET 200 https://registry.npmjs.org/@nodelib%2ffs.walk 70ms (cache revalidated)
npm http fetch GET 200 https://registry.npmjs.org/supports-preserve-symlinks-flag 41ms (cache revalidated)
npm http fetch GET 200 https://registry.npmjs.org/commander 41ms (cache revalidated)
npm http fetch GET 200 https://registry.npmjs.org/mz 42ms (cache revalidated)
npm http fetch GET 200 https://registry.npmjs.org/tinyglobby 41ms (cache revalidated)
npm http fetch GET 200 https://registry.npmjs.org/lines-and-columns 49ms (cache revalidated)
npm http fetch GET 200 https://registry.npmjs.org/ts-interface-checker 44ms (cache revalidated)
npm http fetch GET 200 https://registry.npmjs.org/pirates 58ms (cache revalidated)
npm http fetch GET 200 https://registry.npmjs.org/is-core-module 73ms (cache revalidated)
npm http fetch GET 200 https://registry.npmjs.org/binary-extensions 49ms (cache revalidated)
npm http fetch GET 200 https://registry.npmjs.org/fill-range 52ms (cache revalidated)
npm http fetch GET 200 https://registry.npmjs.org/to-regex-range 50ms (cache revalidated)
npm http fetch GET 200 https://registry.npmjs.org/fastq 42ms (cache revalidated)
npm http fetch GET 200 https://registry.npmjs.org/@nodelib%2ffs.scandir 58ms (cache revalidated)
npm http fetch GET 200 https://registry.npmjs.org/reusify 35ms (cache revalidated)
npm http fetch GET 200 https://registry.npmjs.org/run-parallel 35ms (cache revalidated)
npm http fetch GET 200 https://registry.npmjs.org/queue-microtask 44ms (cache revalidated)
npm http fetch GET 200 https://registry.npmjs.org/is-number 41ms (cache revalidated)
npm http fetch GET 200 https://registry.npmjs.org/pify 34ms (cache revalidated)
npm http fetch GET 200 https://registry.npmjs.org/hasown 35ms (cache revalidated)
npm http fetch GET 200 https://registry.npmjs.org/function-bind 44ms (cache revalidated)
npm http fetch GET 200 https://registry.npmjs.org/thenify-all 36ms (cache revalidated)
npm http fetch GET 200 https://registry.npmjs.org/any-promise 43ms (cache revalidated)
npm http fetch GET 200 https://registry.npmjs.org/object-assign 43ms (cache revalidated)
npm http fetch GET 200 https://registry.npmjs.org/fdir 51ms (cache revalidated)
npm http fetch GET 200 https://registry.npmjs.org/thenify 36ms (cache revalidated)
npm http fetch GET 200 https://registry.npmjs.org/@esbuild%2flinux-arm 54ms (cache revalidated)
npm http fetch GET 200 https://registry.npmjs.org/@esbuild%2fnetbsd-x64 55ms (cache revalidated)
npm http fetch GET 200 https://registry.npmjs.org/@esbuild%2fwin32-x64 58ms (cache revalidated)
npm http fetch GET 200 https://registry.npmjs.org/@esbuild%2flinux-ppc64 60ms (cache revalidated)
npm http fetch GET 200 https://registry.npmjs.org/@esbuild%2flinux-s390x 61ms (cache revalidated)
npm http fetch GET 200 https://registry.npmjs.org/@esbuild%2fandroid-x64 62ms (cache revalidated)
npm http fetch GET 200 https://registry.npmjs.org/@esbuild%2flinux-arm64 65ms (cache revalidated)
npm http fetch GET 200 https://registry.npmjs.org/@esbuild%2flinux-x64 67ms (cache revalidated)
npm http fetch GET 200 https://registry.npmjs.org/@esbuild%2fandroid-arm 67ms (cache revalidated)
npm http fetch GET 200 https://registry.npmjs.org/@esbuild%2flinux-ia32 69ms (cache revalidated)
npm http fetch GET 200 https://registry.npmjs.org/@esbuild%2fsunos-x64 70ms (cache revalidated)
npm http fetch GET 200 https://registry.npmjs.org/@esbuild%2faix-ppc64 72ms (cache revalidated)
npm http fetch GET 200 https://registry.npmjs.org/@esbuild%2fdarwin-x64 73ms (cache revalidated)
npm http fetch GET 200 https://registry.npmjs.org/@esbuild%2ffreebsd-x64 78ms (cache revalidated)
npm http fetch GET 200 https://registry.npmjs.org/@esbuild%2fwin32-arm64 51ms (cache revalidated)
npm http fetch GET 200 https://registry.npmjs.org/@esbuild%2fdarwin-arm64 51ms (cache revalidated)
npm http fetch GET 200 https://registry.npmjs.org/@types%2festree 55ms (cache revalidated)
npm http fetch GET 200 https://registry.npmjs.org/@esbuild%2fopenbsd-x64 70ms (cache revalidated)
npm http fetch GET 200 https://registry.npmjs.org/@esbuild%2fandroid-arm64 67ms (cache revalidated)
npm http fetch GET 200 https://registry.npmjs.org/@esbuild%2ffreebsd-arm64 68ms (cache revalidated)
npm http fetch GET 200 https://registry.npmjs.org/@rollup%2frollup-darwin-arm64 63ms (cache revalidated)
npm http fetch GET 200 https://registry.npmjs.org/@esbuild%2flinux-riscv64 69ms (cache revalidated)
npm http fetch GET 200 https://registry.npmjs.org/@rollup%2frollup-freebsd-arm64 63ms (cache revalidated)
npm http fetch GET 200 https://registry.npmjs.org/@esbuild%2flinux-loong64 73ms (cache revalidated)
npm http fetch GET 200 https://registry.npmjs.org/@esbuild%2flinux-mips64el 71ms (cache revalidated)
npm http fetch GET 200 https://registry.npmjs.org/@rollup%2frollup-android-arm64 69ms (cache revalidated)
npm http fetch GET 200 https://registry.npmjs.org/@rollup%2frollup-win32-arm64-msvc 72ms (cache revalidated)
npm http fetch GET 200 https://registry.npmjs.org/@rollup%2frollup-linux-arm64-musl 46ms (cache revalidated)
npm http fetch GET 200 https://registry.npmjs.org/@rollup%2frollup-linux-arm64-gnu 75ms (cache revalidated)
npm http fetch GET 200 https://registry.npmjs.org/@esbuild%2fwin32-ia32 158ms (cache revalidated)
npm http fetch GET 200 https://registry.npmjs.org/@rollup%2frollup-linux-arm-musleabihf 49ms (cache revalidated)
npm http fetch GET 200 https://registry.npmjs.org/@rollup%2frollup-win32-ia32-msvc 51ms (cache revalidated)
npm http fetch GET 200 https://registry.npmjs.org/@rollup%2frollup-linux-arm-gnueabihf 57ms (cache revalidated)
npm http fetch GET 200 https://registry.npmjs.org/@rollup%2frollup-linux-riscv64-gnu 52ms (cache revalidated)
npm http fetch GET 200 https://registry.npmjs.org/@rollup%2frollup-linux-loong64-gnu 57ms (cache revalidated)
npm http fetch GET 200 https://registry.npmjs.org/@rollup%2frollup-darwin-x64 59ms (cache revalidated)
npm http fetch GET 200 https://registry.npmjs.org/@rollup%2frollup-linux-loong64-musl 71ms (cache revalidated)
npm http fetch GET 200 https://registry.npmjs.org/@rollup%2frollup-linux-s390x-gnu 64ms (cache revalidated)
npm http fetch GET 200 https://registry.npmjs.org/@rollup%2frollup-linux-ppc64-gnu 73ms (cache revalidated)
npm http fetch GET 200 https://registry.npmjs.org/@rollup%2frollup-win32-x64-msvc 56ms (cache revalidated)
npm http fetch GET 200 https://registry.npmjs.org/@rollup%2frollup-linux-ppc64-musl 80ms (cache revalidated)
npm http fetch GET 200 https://registry.npmjs.org/@rollup%2frollup-win32-x64-gnu 66ms (cache revalidated)
npm http fetch GET 200 https://registry.npmjs.org/@rollup%2frollup-android-arm-eabi 111ms (cache revalidated)
npm http fetch GET 200 https://registry.npmjs.org/@rollup%2frollup-freebsd-x64 66ms (cache revalidated)
npm http fetch GET 200 https://registry.npmjs.org/@rollup%2frollup-linux-riscv64-musl 89ms (cache revalidated)
npm http fetch GET 200 https://registry.npmjs.org/@rollup%2frollup-linux-x64-gnu 55ms (cache revalidated)
npm http fetch GET 200 https://registry.npmjs.org/@rollup%2frollup-linux-x64-musl 54ms (cache revalidated)
npm http fetch GET 200 https://registry.npmjs.org/@rollup%2frollup-openbsd-x64 55ms (cache revalidated)
npm http fetch GET 200 https://registry.npmjs.org/@rollup%2frollup-openharmony-arm64 53ms (cache revalidated)
npm http cache https://registry.npmjs.org/react 7ms (cache hit)
npm http cache use-sync-external-store@https://registry.npmjs.org/use-sync-external-store/-/use-sync-external-store-1.6.0.tgz 0ms (cache hit)
npm http cache @esbuild/linux-x64@https://registry.npmjs.org/@esbuild/linux-x64/-/linux-x64-0.21.5.tgz 0ms (cache hit)
npm http cache esbuild@https://registry.npmjs.org/esbuild/-/esbuild-0.21.5.tgz 0ms (cache hit)
npm http cache @types/estree@https://registry.npmjs.org/@types/estree/-/estree-1.0.8.tgz 0ms (cache hit)
npm http cache rollup@https://registry.npmjs.org/rollup/-/rollup-4.58.0.tgz 0ms (cache hit)
npm http cache is-number@https://registry.npmjs.org/is-number/-/is-number-7.0.0.tgz 0ms (cache hit)
npm http cache thenify@https://registry.npmjs.org/thenify/-/thenify-3.3.1.tgz 0ms (cache hit)
npm http cache escalade@https://registry.npmjs.org/escalade/-/escalade-3.2.0.tgz 0ms (cache hit)
npm http cache @rollup/rollup-linux-x64-gnu@https://registry.npmjs.org/@rollup/rollup-linux-x64-gnu/-/rollup-linux-x64-gnu-4.58.0.tgz 0ms (cache hit)
npm http cache thenify-all@https://registry.npmjs.org/thenify-all/-/thenify-all-1.6.0.tgz 0ms (cache hit)
npm http cache any-promise@https://registry.npmjs.org/any-promise/-/any-promise-1.3.0.tgz 0ms (cache hit)
npm http cache ts-interface-checker@https://registry.npmjs.org/ts-interface-checker/-/ts-interface-checker-0.1.13.tgz 0ms (cache hit)
npm http cache tinyglobby@https://registry.npmjs.org/tinyglobby/-/tinyglobby-0.2.15.tgz 0ms (cache hit)
npm http cache pirates@https://registry.npmjs.org/pirates/-/pirates-4.0.7.tgz 0ms (cache hit)
npm http cache mz@https://registry.npmjs.org/mz/-/mz-2.7.0.tgz 0ms (cache hit)
npm http cache lines-and-columns@https://registry.npmjs.org/lines-and-columns/-/lines-and-columns-1.2.4.tgz 0ms (cache hit)
npm http cache commander@https://registry.npmjs.org/commander/-/commander-4.1.1.tgz 0ms (cache hit)
npm http cache object-assign@https://registry.npmjs.org/object-assign/-/object-assign-4.1.1.tgz 0ms (cache hit)
npm http cache queue-microtask@https://registry.npmjs.org/queue-microtask/-/queue-microtask-1.2.3.tgz 0ms (cache hit)
npm http cache hasown@https://registry.npmjs.org/hasown/-/hasown-2.0.2.tgz 0ms (cache hit)
npm http cache function-bind@https://registry.npmjs.org/function-bind/-/function-bind-1.1.2.tgz 0ms (cache hit)
npm http cache supports-preserve-symlinks-flag@https://registry.npmjs.org/supports-preserve-symlinks-flag/-/supports-preserve-symlinks-flag-1.0.0.tgz 0ms (cache hit)
npm http cache path-parse@https://registry.npmjs.org/path-parse/-/path-parse-1.0.7.tgz 0ms (cache hit)
npm http cache is-core-module@https://registry.npmjs.org/is-core-module/-/is-core-module-2.16.1.tgz 0ms (cache hit)
npm http cache util-deprecate@https://registry.npmjs.org/util-deprecate/-/util-deprecate-1.0.2.tgz 0ms (cache hit)
npm http cache camelcase-css@https://registry.npmjs.org/camelcase-css/-/camelcase-css-2.0.1.tgz 0ms (cache hit)
npm http cache pify@https://registry.npmjs.org/pify/-/pify-2.3.0.tgz 0ms (cache hit)
npm http cache cssesc@https://registry.npmjs.org/cssesc/-/cssesc-3.0.0.tgz 0ms (cache hit)
npm http cache read-cache@https://registry.npmjs.org/read-cache/-/read-cache-1.0.0.tgz 0ms (cache hit)
npm http cache is-extglob@https://registry.npmjs.org/is-extglob/-/is-extglob-2.1.1.tgz 0ms (cache hit)
npm http cache to-regex-range@https://registry.npmjs.org/to-regex-range/-/to-regex-range-5.0.1.tgz 0ms (cache hit)
npm http cache run-parallel@https://registry.npmjs.org/run-parallel/-/run-parallel-1.2.0.tgz 0ms (cache hit)
npm http cache binary-extensions@https://registry.npmjs.org/binary-extensions/-/binary-extensions-2.3.0.tgz 0ms (cache hit)
npm http cache reusify@https://registry.npmjs.org/reusify/-/reusify-1.1.0.tgz 0ms (cache hit)
npm http cache fastq@https://registry.npmjs.org/fastq/-/fastq-1.20.1.tgz 0ms (cache hit)
npm http cache @nodelib/fs.scandir@https://registry.npmjs.org/@nodelib/fs.scandir/-/fs.scandir-2.1.5.tgz 0ms (cache hit)
npm http cache merge2@https://registry.npmjs.org/merge2/-/merge2-1.4.1.tgz 0ms (cache hit)
npm http cache @nodelib/fs.stat@https://registry.npmjs.org/@nodelib/fs.stat/-/fs.stat-2.0.5.tgz 0ms (cache hit)
npm http cache @nodelib/fs.walk@https://registry.npmjs.org/@nodelib/fs.walk/-/fs.walk-1.2.8.tgz 0ms (cache hit)
npm http cache fill-range@https://registry.npmjs.org/fill-range/-/fill-range-7.1.1.tgz 0ms (cache hit)
npm http cache readdirp@https://registry.npmjs.org/readdirp/-/readdirp-3.6.0.tgz 0ms (cache hit)
npm http cache is-binary-path@https://registry.npmjs.org/is-binary-path/-/is-binary-path-2.1.0.tgz 0ms (cache hit)
npm http cache picomatch@https://registry.npmjs.org/picomatch/-/picomatch-2.3.1.tgz 0ms (cache hit)
npm http cache braces@https://registry.npmjs.org/braces/-/braces-3.0.3.tgz 0ms (cache hit)
npm http cache anymatch@https://registry.npmjs.org/anymatch/-/anymatch-3.1.3.tgz 0ms (cache hit)
npm http cache sucrase@https://registry.npmjs.org/sucrase/-/sucrase-3.35.1.tgz 0ms (cache hit)
npm http cache postcss-selector-parser@https://registry.npmjs.org/postcss-selector-parser/-/postcss-selector-parser-6.1.2.tgz 0ms (cache hit)
npm http cache postcss-nested@https://registry.npmjs.org/postcss-nested/-/postcss-nested-6.2.0.tgz 0ms (cache hit)
npm http cache resolve@https://registry.npmjs.org/resolve/-/resolve-1.22.11.tgz 0ms (cache hit)
npm http cache object-hash@https://registry.npmjs.org/object-hash/-/object-hash-3.0.0.tgz 0ms (cache hit)
npm http cache postcss-load-config@https://registry.npmjs.org/postcss-load-config/-/postcss-load-config-6.0.1.tgz 0ms (cache hit)
npm http cache postcss-import@https://registry.npmjs.org/postcss-import/-/postcss-import-15.1.0.tgz 0ms (cache hit)
npm http cache postcss-js@https://registry.npmjs.org/postcss-js/-/postcss-js-4.1.0.tgz 0ms (cache hit)
npm http cache normalize-path@https://registry.npmjs.org/normalize-path/-/normalize-path-3.0.0.tgz 0ms (cache hit)
npm http cache micromatch@https://registry.npmjs.org/micromatch/-/micromatch-4.0.8.tgz 0ms (cache hit)
npm http cache lilconfig@https://registry.npmjs.org/lilconfig/-/lilconfig-3.1.3.tgz 0ms (cache hit)
npm http cache jiti@https://registry.npmjs.org/jiti/-/jiti-1.21.7.tgz 0ms (cache hit)
npm http cache is-glob@https://registry.npmjs.org/is-glob/-/is-glob-4.0.3.tgz 0ms (cache hit)
npm http cache glob-parent@https://registry.npmjs.org/glob-parent/-/glob-parent-6.0.2.tgz 0ms (cache hit)
npm http cache fast-glob@https://registry.npmjs.org/fast-glob/-/fast-glob-3.3.3.tgz 0ms (cache hit)
npm http cache chokidar@https://registry.npmjs.org/chokidar/-/chokidar-3.6.0.tgz 0ms (cache hit)
npm http cache arg@https://registry.npmjs.org/arg/-/arg-5.0.2.tgz 0ms (cache hit)
npm http cache @alloc/quick-lru@https://registry.npmjs.org/@alloc/quick-lru/-/quick-lru-5.2.0.tgz 0ms (cache hit)
npm http cache scheduler@https://registry.npmjs.org/scheduler/-/scheduler-0.23.2.tgz 0ms (cache hit)
npm http cache loose-envify@https://registry.npmjs.org/loose-envify/-/loose-envify-1.4.0.tgz 0ms (cache hit)
npm http cache source-map-js@https://registry.npmjs.org/source-map-js/-/source-map-js-1.2.1.tgz 0ms (cache hit)
npm http cache nanoid@https://registry.npmjs.org/nanoid/-/nanoid-3.3.11.tgz 0ms (cache hit)
npm http cache yallist@https://registry.npmjs.org/yallist/-/yallist-3.1.1.tgz 0ms (cache hit)
npm http cache tslib@https://registry.npmjs.org/tslib/-/tslib-2.8.1.tgz 0ms (cache hit)
npm http cache motion-utils@https://registry.npmjs.org/motion-utils/-/motion-utils-11.18.1.tgz 0ms (cache hit)
npm http cache motion-dom@https://registry.npmjs.org/motion-dom/-/motion-dom-11.18.1.tgz 0ms (cache hit)
npm http cache didyoumean@https://registry.npmjs.org/didyoumean/-/didyoumean-1.2.2.tgz 0ms (cache hit)
npm http cache ms@https://registry.npmjs.org/ms/-/ms-2.1.3.tgz 0ms (cache hit)
npm http cache update-browserslist-db@https://registry.npmjs.org/update-browserslist-db/-/update-browserslist-db-1.2.3.tgz 0ms (cache hit)
npm http cache node-releases@https://registry.npmjs.org/node-releases/-/node-releases-2.0.27.tgz 0ms (cache hit)
npm http cache electron-to-chromium@https://registry.npmjs.org/electron-to-chromium/-/electron-to-chromium-1.5.302.tgz 0ms (cache hit)
npm http cache baseline-browser-mapping@https://registry.npmjs.org/baseline-browser-mapping/-/baseline-browser-mapping-2.10.0.tgz 0ms (cache hit)
npm http cache postcss-value-parser@https://registry.npmjs.org/postcss-value-parser/-/postcss-value-parser-4.2.0.tgz 0ms (cache hit)
npm http cache dlv@https://registry.npmjs.org/dlv/-/dlv-1.1.3.tgz 0ms (cache hit)
npm http cache fraction.js@https://registry.npmjs.org/fraction.js/-/fraction.js-5.3.4.tgz 0ms (cache hit)
npm http cache caniuse-lite@https://registry.npmjs.org/caniuse-lite/-/caniuse-lite-1.0.30001770.tgz 0ms (cache hit)
npm http cache @types/babel__traverse@https://registry.npmjs.org/@types/babel__traverse/-/babel__traverse-7.28.0.tgz 0ms (cache hit)
npm http cache @types/babel__generator@https://registry.npmjs.org/@types/babel__generator/-/babel__generator-7.27.0.tgz 0ms (cache hit)
npm http cache @types/babel__template@https://registry.npmjs.org/@types/babel__template/-/babel__template-7.4.4.tgz 0ms (cache hit)
npm http cache @jridgewell/sourcemap-codec@https://registry.npmjs.org/@jridgewell/sourcemap-codec/-/sourcemap-codec-1.5.5.tgz 0ms (cache hit)
npm http cache @jridgewell/resolve-uri@https://registry.npmjs.org/@jridgewell/resolve-uri/-/resolve-uri-3.1.2.tgz 0ms (cache hit)
npm http cache @babel/helper-plugin-utils@https://registry.npmjs.org/@babel/helper-plugin-utils/-/helper-plugin-utils-7.28.6.tgz 0ms (cache hit)
npm http cache @babel/helper-string-parser@https://registry.npmjs.org/@babel/helper-string-parser/-/helper-string-parser-7.27.1.tgz 0ms (cache hit)
npm http cache @babel/helper-globals@https://registry.npmjs.org/@babel/helper-globals/-/helper-globals-7.28.0.tgz 0ms (cache hit)
npm http cache @babel/helper-module-imports@https://registry.npmjs.org/@babel/helper-module-imports/-/helper-module-imports-7.28.6.tgz 0ms (cache hit)
npm http cache lru-cache@https://registry.npmjs.org/lru-cache/-/lru-cache-5.1.1.tgz 0ms (cache hit)
npm http cache browserslist@https://registry.npmjs.org/browserslist/-/browserslist-4.28.1.tgz 0ms (cache hit)
npm http cache @babel/helper-validator-option@https://registry.npmjs.org/@babel/helper-validator-option/-/helper-validator-option-7.27.1.tgz 0ms (cache hit)
npm http cache @babel/compat-data@https://registry.npmjs.org/@babel/compat-data/-/compat-data-7.29.0.tgz 0ms (cache hit)
npm http cache jsesc@https://registry.npmjs.org/jsesc/-/jsesc-3.1.0.tgz 0ms (cache hit)
npm http cache @jridgewell/trace-mapping@https://registry.npmjs.org/@jridgewell/trace-mapping/-/trace-mapping-0.3.31.tgz 0ms (cache hit)
npm http cache @jridgewell/gen-mapping@https://registry.npmjs.org/@jridgewell/gen-mapping/-/gen-mapping-0.3.13.tgz 0ms (cache hit)
npm http cache picocolors@https://registry.npmjs.org/picocolors/-/picocolors-1.1.1.tgz 0ms (cache hit)
npm http cache js-tokens@https://registry.npmjs.org/js-tokens/-/js-tokens-4.0.0.tgz 0ms (cache hit)
npm http cache @babel/helper-validator-identifier@https://registry.npmjs.org/@babel/helper-validator-identifier/-/helper-validator-identifier-7.28.5.tgz 0ms (cache hit)
npm http cache semver@https://registry.npmjs.org/semver/-/semver-6.3.1.tgz 0ms (cache hit)
npm http cache json5@https://registry.npmjs.org/json5/-/json5-2.2.3.tgz 0ms (cache hit)
npm http cache gensync@https://registry.npmjs.org/gensync/-/gensync-1.0.0-beta.2.tgz 0ms (cache hit)
npm http cache @jridgewell/remapping@https://registry.npmjs.org/@jridgewell/remapping/-/remapping-2.3.5.tgz 0ms (cache hit)
npm http cache debug@https://registry.npmjs.org/debug/-/debug-4.4.3.tgz 0ms (cache hit)
npm http cache convert-source-map@https://registry.npmjs.org/convert-source-map/-/convert-source-map-2.0.0.tgz 0ms (cache hit)
npm http cache @babel/types@https://registry.npmjs.org/@babel/types/-/types-7.29.0.tgz 0ms (cache hit)
npm http cache @babel/traverse@https://registry.npmjs.org/@babel/traverse/-/traverse-7.29.0.tgz 0ms (cache hit)
npm http cache @babel/template@https://registry.npmjs.org/@babel/template/-/template-7.28.6.tgz 0ms (cache hit)
npm http cache @babel/parser@https://registry.npmjs.org/@babel/parser/-/parser-7.29.0.tgz 0ms (cache hit)
npm http cache @babel/helpers@https://registry.npmjs.org/@babel/helpers/-/helpers-7.28.6.tgz 0ms (cache hit)
npm http cache @babel/helper-module-transforms@https://registry.npmjs.org/@babel/helper-module-transforms/-/helper-module-transforms-7.28.6.tgz 0ms (cache hit)
npm http cache @babel/helper-compilation-targets@https://registry.npmjs.org/@babel/helper-compilation-targets/-/helper-compilation-targets-7.28.6.tgz 0ms (cache hit)
npm http cache @babel/code-frame@https://registry.npmjs.org/@babel/code-frame/-/code-frame-7.29.0.tgz 0ms (cache hit)
npm http cache @babel/generator@https://registry.npmjs.org/@babel/generator/-/generator-7.29.1.tgz 0ms (cache hit)
npm http cache react-refresh@https://registry.npmjs.org/react-refresh/-/react-refresh-0.17.0.tgz 0ms (cache hit)
npm http cache @types/babel__core@https://registry.npmjs.org/@types/babel__core/-/babel__core-7.20.5.tgz 0ms (cache hit)
npm http cache @rolldown/pluginutils@https://registry.npmjs.org/@rolldown/pluginutils/-/pluginutils-1.0.0-beta.27.tgz 0ms (cache hit)
npm http cache @babel/plugin-transform-react-jsx-source@https://registry.npmjs.org/@babel/plugin-transform-react-jsx-source/-/plugin-transform-react-jsx-source-7.27.1.tgz 0ms (cache hit)
npm http cache csstype@https://registry.npmjs.org/csstype/-/csstype-3.2.3.tgz 0ms (cache hit)
npm http cache @babel/plugin-transform-react-jsx-self@https://registry.npmjs.org/@babel/plugin-transform-react-jsx-self/-/plugin-transform-react-jsx-self-7.27.1.tgz 0ms (cache hit)
npm http cache @babel/core@https://registry.npmjs.org/@babel/core/-/core-7.29.0.tgz 0ms (cache hit)
npm http cache @types/prop-types@https://registry.npmjs.org/@types/prop-types/-/prop-types-15.7.15.tgz 0ms (cache hit)
npm http cache zustand@https://registry.npmjs.org/zustand/-/zustand-4.5.7.tgz 0ms (cache hit)
npm http cache typescript@https://registry.npmjs.org/typescript/-/typescript-5.9.3.tgz 0ms (cache hit)
npm http cache tailwindcss@https://registry.npmjs.org/tailwindcss/-/tailwindcss-3.4.19.tgz 0ms (cache hit)
npm http cache react@https://registry.npmjs.org/react/-/react-18.3.1.tgz 0ms (cache hit)
npm http cache react-dom@https://registry.npmjs.org/react-dom/-/react-dom-18.3.1.tgz 0ms (cache hit)
npm http cache lucide-react@https://registry.npmjs.org/lucide-react/-/lucide-react-0.400.0.tgz 0ms (cache hit)
npm http cache framer-motion@https://registry.npmjs.org/framer-motion/-/framer-motion-11.18.2.tgz 0ms (cache hit)
npm http cache postcss@https://registry.npmjs.org/postcss/-/postcss-8.5.6.tgz 0ms (cache hit)
npm http cache autoprefixer@https://registry.npmjs.org/autoprefixer/-/autoprefixer-10.4.24.tgz 0ms (cache hit)
npm http cache vite@https://registry.npmjs.org/vite/-/vite-5.4.21.tgz 0ms (cache hit)
npm http cache @vitejs/plugin-react@https://registry.npmjs.org/@vitejs/plugin-react/-/plugin-react-4.7.0.tgz 0ms (cache hit)
npm http cache @types/react-dom@https://registry.npmjs.org/@types/react-dom/-/react-dom-18.3.7.tgz 0ms (cache hit)
npm http cache @types/react@https://registry.npmjs.org/@types/react/-/react-18.3.28.tgz 0ms (cache hit)
npm http cache picomatch@https://registry.npmjs.org/picomatch/-/picomatch-4.0.3.tgz 0ms (cache hit)
npm http cache glob-parent@https://registry.npmjs.org/glob-parent/-/glob-parent-5.1.2.tgz 0ms (cache hit)
npm http cache fdir@https://registry.npmjs.org/fdir/-/fdir-6.5.0.tgz 0ms (cache hit)
npm http cache glob-parent@https://registry.npmjs.org/glob-parent/-/glob-parent-5.1.2.tgz 0ms (cache hit)
npm info run esbuild@0.21.5 postinstall node_modules/esbuild node install.js
npm info run esbuild@0.21.5 postinstall { code: 0, signal: null }

added 140 packages in 5s
npm verbose cwd /home/nikos/github/ngeran/xrwma
npm verbose os Linux 6.18.9-arch1-2
npm verbose node v25.2.1
npm verbose npm  v11.9.0
npm verbose exit 0
npm info ok
